<?xml version="1.0" encoding="UTF-8"?>
<coverage generated="1458212378">
  <project timestamp="1458212378">
    <package name="Pyjac\ORM">
      <file name="/Users/bendozy/Code/Checkpoints/PotatoORM/src/DatabaseConnection.php">
        <class name="DatabaseConnection" namespace="Pyjac\ORM">
          <metrics methods="8" coveredmethods="7" conditionals="0" coveredconditionals="0" statements="40" coveredstatements="37" elements="48" coveredelements="44"/>
        </class>
        <line num="48" type="method" name="__construct" crap="1" count="5"/>
        <line num="50" type="stmt" count="5"/>
        <line num="51" type="stmt" count="5"/>
        <line num="53" type="stmt" count="5"/>
        <line num="54" type="stmt" count="5"/>
        <line num="55" type="stmt" count="5"/>
        <line num="56" type="stmt" count="5"/>
        <line num="63" type="method" name="getInstance" crap="2" count="2"/>
        <line num="65" type="stmt" count="2"/>
        <line num="66" type="stmt" count="1"/>
        <line num="67" type="stmt" count="1"/>
        <line num="69" type="stmt" count="2"/>
        <line num="79" type="method" name="createConnection" crap="2.21" count="5"/>
        <line num="81" type="stmt" count="5"/>
        <line num="83" type="stmt" count="5"/>
        <line num="86" type="stmt" count="5"/>
        <line num="87" type="stmt" count="5"/>
        <line num="88" type="stmt" count="0"/>
        <line num="89" type="stmt" count="0"/>
        <line num="90" type="stmt" count="0"/>
        <line num="93" type="stmt" count="5"/>
        <line num="101" type="method" name="getDefaultOptions" crap="1" count="1"/>
        <line num="103" type="stmt" count="1"/>
        <line num="113" type="method" name="setDefaultOptions" crap="1" count="1"/>
        <line num="115" type="stmt" count="1"/>
        <line num="116" type="stmt" count="1"/>
        <line num="131" type="method" name="tryAgainIfCausedByLostConnection" crap="2" count="2"/>
        <line num="133" type="stmt" count="2"/>
        <line num="134" type="stmt" count="1"/>
        <line num="137" type="stmt" count="1"/>
        <line num="147" type="method" name="causedByLostConnection" crap="1" count="2"/>
        <line num="149" type="stmt" count="2"/>
        <line num="151" type="stmt" count="2"/>
        <line num="152" type="stmt" count="2"/>
        <line num="153" type="stmt" count="2"/>
        <line num="154" type="stmt" count="2"/>
        <line num="155" type="stmt" count="2"/>
        <line num="156" type="stmt" count="2"/>
        <line num="157" type="stmt" count="2"/>
        <line num="158" type="stmt" count="2"/>
        <line num="159" type="stmt" count="2"/>
        <line num="160" type="stmt" count="2"/>
        <line num="168" type="method" name="loadEnv" crap="2" count="5"/>
        <line num="170" type="stmt" count="5"/>
        <line num="171" type="stmt" count="5"/>
        <line num="172" type="stmt" count="5"/>
        <line num="173" type="stmt" count="5"/>
        <line num="174" type="stmt" count="5"/>
        <metrics loc="175" ncloc="97" classes="1" methods="8" coveredmethods="7" conditionals="0" coveredconditionals="0" statements="40" coveredstatements="37" elements="48" coveredelements="44"/>
      </file>
      <file name="/Users/bendozy/Code/Checkpoints/PotatoORM/src/DatabaseConnectionStringFactory.php">
        <class name="DatabaseConnectionStringFactory" namespace="Pyjac\ORM">
          <metrics methods="1" coveredmethods="1" conditionals="0" coveredconditionals="0" statements="18" coveredstatements="18" elements="19" coveredelements="19"/>
        </class>
        <line num="18" type="method" name="createDatabaseSourceString" crap="6" count="6"/>
        <line num="20" type="stmt" count="6"/>
        <line num="23" type="stmt" count="6"/>
        <line num="24" type="stmt" count="2"/>
        <line num="25" type="stmt" count="2"/>
        <line num="26" type="stmt" count="4"/>
        <line num="27" type="stmt" count="4"/>
        <line num="28" type="stmt" count="3"/>
        <line num="29" type="stmt" count="1"/>
        <line num="30" type="stmt" count="1"/>
        <line num="31" type="stmt" count="3"/>
        <line num="32" type="stmt" count="3"/>
        <line num="33" type="stmt" count="1"/>
        <line num="34" type="stmt" count="1"/>
        <line num="35" type="stmt" count="3"/>
        <line num="36" type="stmt" count="1"/>
        <line num="37" type="stmt" count="1"/>
        <line num="38" type="stmt" count="1"/>
        <line num="40" type="stmt" count="5"/>
        <metrics loc="42" ncloc="33" classes="1" methods="1" coveredmethods="1" conditionals="0" coveredconditionals="0" statements="18" coveredstatements="18" elements="19" coveredelements="19"/>
      </file>
      <file name="/Users/bendozy/Code/Checkpoints/PotatoORM/src/Helpers.php">
        <class name="Helpers" namespace="Pyjac\ORM">
          <metrics methods="1" coveredmethods="1" conditionals="0" coveredconditionals="0" statements="5" coveredstatements="5" elements="6" coveredelements="6"/>
        </class>
        <line num="15" type="method" name="contains" crap="4" count="4"/>
        <line num="17" type="stmt" count="4"/>
        <line num="18" type="stmt" count="4"/>
        <line num="19" type="stmt" count="2"/>
        <line num="21" type="stmt" count="4"/>
        <line num="23" type="stmt" count="2"/>
        <metrics loc="25" ncloc="17" classes="1" methods="1" coveredmethods="1" conditionals="0" coveredconditionals="0" statements="5" coveredstatements="5" elements="6" coveredelements="6"/>
      </file>
      <file name="/Users/bendozy/Code/Checkpoints/PotatoORM/src/Model.php">
        <class name="Model" namespace="Pyjac\ORM">
          <metrics methods="15" coveredmethods="12" conditionals="0" coveredconditionals="0" statements="65" coveredstatements="59" elements="80" coveredelements="71"/>
        </class>
        <line num="29" type="method" name="__construct" crap="2" count="13"/>
        <line num="31" type="stmt" count="13"/>
        <line num="32" type="stmt" count="1"/>
        <line num="33" type="stmt" count="1"/>
        <line num="34" type="stmt" count="13"/>
        <line num="35" type="stmt" count="13"/>
        <line num="43" type="method" name="__set" crap="1" count="1"/>
        <line num="45" type="stmt" count="1"/>
        <line num="46" type="stmt" count="1"/>
        <line num="53" type="method" name="__get" crap="1" count="1"/>
        <line num="55" type="stmt" count="1"/>
        <line num="63" type="method" name="getProperties" crap="1" count="1"/>
        <line num="65" type="stmt" count="1"/>
        <line num="71" type="method" name="setProperties" crap="1" count="5"/>
        <line num="73" type="stmt" count="5"/>
        <line num="74" type="stmt" count="5"/>
        <line num="81" type="method" name="getTableName" crap="1" count="10"/>
        <line num="83" type="stmt" count="10"/>
        <line num="85" type="stmt" count="10"/>
        <line num="95" type="method" name="find" crap="2" count="0"/>
        <line num="97" type="stmt" count="0"/>
        <line num="99" type="stmt" count="0"/>
        <line num="109" type="method" name="get" crap="2" count="2"/>
        <line num="111" type="stmt" count="2"/>
        <line num="112" type="stmt" count="2"/>
        <line num="113" type="stmt" count="2"/>
        <line num="114" type="stmt" count="2"/>
        <line num="115" type="stmt" count="2"/>
        <line num="116" type="stmt" count="1"/>
        <line num="119" type="stmt" count="1"/>
        <line num="127" type="method" name="getAll" crap="2" count="0"/>
        <line num="129" type="stmt" count="0"/>
        <line num="131" type="stmt" count="0"/>
        <line num="139" type="method" name="all" crap="1" count="1"/>
        <line num="141" type="stmt" count="1"/>
        <line num="142" type="stmt" count="1"/>
        <line num="143" type="stmt" count="1"/>
        <line num="145" type="stmt" count="1"/>
        <line num="153" type="method" name="update" crap="3" count="2"/>
        <line num="155" type="stmt" count="2"/>
        <line num="156" type="stmt" count="2"/>
        <line num="157" type="stmt" count="2"/>
        <line num="158" type="stmt" count="2"/>
        <line num="159" type="stmt" count="2"/>
        <line num="161" type="stmt" count="2"/>
        <line num="162" type="stmt" count="2"/>
        <line num="163" type="stmt" count="2"/>
        <line num="164" type="stmt" count="2"/>
        <line num="166" type="stmt" count="2"/>
        <line num="167" type="stmt" count="2"/>
        <line num="168" type="stmt" count="2"/>
        <line num="169" type="stmt" count="2"/>
        <line num="171" type="stmt" count="2"/>
        <line num="179" type="method" name="create" crap="2" count="2"/>
        <line num="181" type="stmt" count="2"/>
        <line num="182" type="stmt" count="2"/>
        <line num="183" type="stmt" count="2"/>
        <line num="184" type="stmt" count="2"/>
        <line num="185" type="stmt" count="2"/>
        <line num="186" type="stmt" count="2"/>
        <line num="187" type="stmt" count="2"/>
        <line num="188" type="stmt" count="2"/>
        <line num="189" type="stmt" count="2"/>
        <line num="190" type="stmt" count="2"/>
        <line num="192" type="stmt" count="2"/>
        <line num="193" type="stmt" count="2"/>
        <line num="195" type="stmt" count="2"/>
        <line num="196" type="stmt" count="2"/>
        <line num="197" type="stmt" count="2"/>
        <line num="199" type="stmt" count="2"/>
        <line num="207" type="method" name="save" crap="2" count="2"/>
        <line num="209" type="stmt" count="2"/>
        <line num="219" type="method" name="destroy" crap="2" count="0"/>
        <line num="221" type="stmt" count="0"/>
        <line num="223" type="stmt" count="0"/>
        <line num="233" type="method" name="delete" crap="2" count="2"/>
        <line num="235" type="stmt" count="2"/>
        <line num="236" type="stmt" count="2"/>
        <line num="237" type="stmt" count="2"/>
        <line num="239" type="stmt" count="2"/>
        <metrics loc="241" ncloc="147" classes="1" methods="15" coveredmethods="12" conditionals="0" coveredconditionals="0" statements="65" coveredstatements="59" elements="80" coveredelements="71"/>
      </file>
    </package>
    <file name="/Users/bendozy/Code/Checkpoints/PotatoORM/src/DatabaseConnectionInterface.php">
      <metrics loc="22" ncloc="10" classes="0" methods="0" coveredmethods="0" conditionals="0" coveredconditionals="0" statements="0" coveredstatements="0" elements="0" coveredelements="0"/>
    </file>
    <file name="/Users/bendozy/Code/Checkpoints/PotatoORM/src/DatabaseConnectionStringFactoryInterface.php">
      <metrics loc="17" ncloc="8" classes="0" methods="0" coveredmethods="0" conditionals="0" coveredconditionals="0" statements="0" coveredstatements="0" elements="0" coveredelements="0"/>
    </file>
    <package name="Pyjac\ORM\Exception">
      <file name="/Users/bendozy/Code/Checkpoints/PotatoORM/src/Exception/DatabaseDriverNotSupportedException.php">
        <class name="DatabaseDriverNotSupportedException" namespace="Pyjac\ORM\Exception">
          <metrics methods="1" coveredmethods="1" conditionals="0" coveredconditionals="0" statements="2" coveredstatements="2" elements="3" coveredelements="3"/>
        </class>
        <line num="7" type="method" name="__construct" crap="1" count="1"/>
        <line num="9" type="stmt" count="1"/>
        <line num="10" type="stmt" count="1"/>
        <metrics loc="11" ncloc="11" classes="1" methods="1" coveredmethods="1" conditionals="0" coveredconditionals="0" statements="2" coveredstatements="2" elements="3" coveredelements="3"/>
      </file>
      <file name="/Users/bendozy/Code/Checkpoints/PotatoORM/src/Exception/ModelNotFoundException.php">
        <class name="ModelNotFoundException" namespace="Pyjac\ORM\Exception">
          <metrics methods="1" coveredmethods="1" conditionals="0" coveredconditionals="0" statements="2" coveredstatements="2" elements="3" coveredelements="3"/>
        </class>
        <line num="7" type="method" name="__construct" crap="1" count="1"/>
        <line num="9" type="stmt" count="1"/>
        <line num="10" type="stmt" count="1"/>
        <metrics loc="11" ncloc="11" classes="1" methods="1" coveredmethods="1" conditionals="0" coveredconditionals="0" statements="2" coveredstatements="2" elements="3" coveredelements="3"/>
      </file>
    </package>
    <file name="/Users/bendozy/Code/Checkpoints/PotatoORM/src/ModelInterface.php">
      <metrics loc="23" ncloc="12" classes="0" methods="0" coveredmethods="0" conditionals="0" coveredconditionals="0" statements="0" coveredstatements="0" elements="0" coveredelements="0"/>
    </file>
    <metrics files="9" loc="567" ncloc="346" classes="6" methods="27" coveredmethods="23" conditionals="0" coveredconditionals="0" statements="132" coveredstatements="123" elements="159" coveredelements="146"/>
  </project>
</coverage>
