<?xml version="1.0" encoding="UTF-8"?>
<coverage generated="1457188371">
  <project timestamp="1457188371">
    <package name="Pyjac\ORM">
      <file name="/Users/bendozy/Code/Checkpoints/PotatoORM/src/DatabaseConnection.php">
        <class name="DatabaseConnection" namespace="Pyjac\ORM">
          <metrics methods="7" coveredmethods="6" conditionals="0" coveredconditionals="0" statements="33" coveredstatements="30" elements="40" coveredelements="36"/>
        </class>
        <line num="51" type="method" name="__construct" crap="1" count="5"/>
        <line num="54" type="stmt" count="5"/>
        <line num="55" type="stmt" count="5"/>
        <line num="56" type="stmt" count="5"/>
        <line num="57" type="stmt" count="5"/>
        <line num="64" type="method" name="getInstance" crap="2" count="1"/>
        <line num="66" type="stmt" count="1"/>
        <line num="67" type="stmt" count="1"/>
        <line num="68" type="stmt" count="1"/>
        <line num="69" type="stmt" count="1"/>
        <line num="79" type="method" name="createConnection" crap="2.21" count="5"/>
        <line num="81" type="stmt" count="5"/>
        <line num="83" type="stmt" count="5"/>
        <line num="87" type="stmt" count="5"/>
        <line num="88" type="stmt" count="5"/>
        <line num="89" type="stmt" count="0"/>
        <line num="90" type="stmt" count="0"/>
        <line num="91" type="stmt" count="0"/>
        <line num="94" type="stmt" count="5"/>
        <line num="102" type="method" name="getDefaultOptions" crap="1" count="1"/>
        <line num="104" type="stmt" count="1"/>
        <line num="113" type="method" name="setDefaultOptions" crap="1" count="1"/>
        <line num="115" type="stmt" count="1"/>
        <line num="116" type="stmt" count="1"/>
        <line num="130" type="method" name="tryAgainIfCausedByLostConnection" crap="2" count="2"/>
        <line num="132" type="stmt" count="2"/>
        <line num="133" type="stmt" count="1"/>
        <line num="136" type="stmt" count="1"/>
        <line num="145" type="method" name="causedByLostConnection" crap="1" count="2"/>
        <line num="147" type="stmt" count="2"/>
        <line num="149" type="stmt" count="2"/>
        <line num="150" type="stmt" count="2"/>
        <line num="151" type="stmt" count="2"/>
        <line num="152" type="stmt" count="2"/>
        <line num="153" type="stmt" count="2"/>
        <line num="154" type="stmt" count="2"/>
        <line num="155" type="stmt" count="2"/>
        <line num="156" type="stmt" count="2"/>
        <line num="157" type="stmt" count="2"/>
        <line num="158" type="stmt" count="2"/>
        <metrics loc="160" ncloc="93" classes="1" methods="7" coveredmethods="6" conditionals="0" coveredconditionals="0" statements="33" coveredstatements="30" elements="40" coveredelements="36"/>
      </file>
      <file name="/Users/bendozy/Code/Checkpoints/PotatoORM/src/DatabaseConnectionStringFactory.php">
        <class name="DatabaseConnectionStringFactory" namespace="Pyjac\ORM">
          <metrics methods="1" coveredmethods="1" conditionals="0" coveredconditionals="0" statements="14" coveredstatements="14" elements="15" coveredelements="15"/>
        </class>
        <line num="16" type="method" name="createDatabaseSourceString" crap="6" count="5"/>
        <line num="19" type="stmt" count="5"/>
        <line num="22" type="stmt" count="5"/>
        <line num="23" type="stmt" count="2"/>
        <line num="24" type="stmt" count="2"/>
        <line num="25" type="stmt" count="3"/>
        <line num="26" type="stmt" count="3"/>
        <line num="27" type="stmt" count="2"/>
        <line num="28" type="stmt" count="2"/>
        <line num="29" type="stmt" count="2"/>
        <line num="30" type="stmt" count="2"/>
        <line num="31" type="stmt" count="1"/>
        <line num="32" type="stmt" count="1"/>
        <line num="33" type="stmt" count="1"/>
        <line num="34" type="stmt" count="4"/>
        <metrics loc="35" ncloc="28" classes="1" methods="1" coveredmethods="1" conditionals="0" coveredconditionals="0" statements="14" coveredstatements="14" elements="15" coveredelements="15"/>
      </file>
      <file name="/Users/bendozy/Code/Checkpoints/PotatoORM/src/Helpers.php">
        <class name="Helpers" namespace="Pyjac\ORM">
          <metrics methods="1" coveredmethods="1" conditionals="0" coveredconditionals="0" statements="5" coveredstatements="5" elements="6" coveredelements="6"/>
        </class>
        <line num="15" type="method" name="contains" crap="4" count="4"/>
        <line num="17" type="stmt" count="4"/>
        <line num="18" type="stmt" count="4"/>
        <line num="19" type="stmt" count="2"/>
        <line num="21" type="stmt" count="4"/>
        <line num="23" type="stmt" count="2"/>
        <metrics loc="24" ncloc="17" classes="1" methods="1" coveredmethods="1" conditionals="0" coveredconditionals="0" statements="5" coveredstatements="5" elements="6" coveredelements="6"/>
      </file>
      <file name="/Users/bendozy/Code/Checkpoints/PotatoORM/src/Model.php">
        <class name="Model" namespace="Pyjac\ORM">
          <metrics methods="15" coveredmethods="11" conditionals="0" coveredconditionals="0" statements="65" coveredstatements="57" elements="80" coveredelements="68"/>
        </class>
        <line num="30" type="method" name="__construct" crap="2.26" count="12"/>
        <line num="32" type="stmt" count="12"/>
        <line num="33" type="stmt" count="0"/>
        <line num="34" type="stmt" count="0"/>
        <line num="35" type="stmt" count="12"/>
        <line num="36" type="stmt" count="12"/>
        <line num="44" type="method" name="__set" crap="1" count="1"/>
        <line num="46" type="stmt" count="1"/>
        <line num="47" type="stmt" count="1"/>
        <line num="53" type="method" name="__get" crap="1" count="1"/>
        <line num="55" type="stmt" count="1"/>
        <line num="62" type="method" name="getProperties" crap="1" count="1"/>
        <line num="64" type="stmt" count="1"/>
        <line num="71" type="method" name="setProperties" crap="1" count="5"/>
        <line num="73" type="stmt" count="5"/>
        <line num="74" type="stmt" count="5"/>
        <line num="80" type="method" name="getTableName" crap="1" count="10"/>
        <line num="82" type="stmt" count="10"/>
        <line num="83" type="stmt" count="10"/>
        <line num="84" type="stmt" count="10"/>
        <line num="93" type="method" name="find" crap="2" count="0"/>
        <line num="95" type="stmt" count="0"/>
        <line num="96" type="stmt" count="0"/>
        <line num="106" type="method" name="get" crap="2" count="2"/>
        <line num="108" type="stmt" count="2"/>
        <line num="109" type="stmt" count="2"/>
        <line num="110" type="stmt" count="2"/>
        <line num="111" type="stmt" count="2"/>
        <line num="112" type="stmt" count="2"/>
        <line num="113" type="stmt" count="1"/>
        <line num="115" type="stmt" count="1"/>
        <line num="123" type="method" name="getAll" crap="2" count="0"/>
        <line num="125" type="stmt" count="0"/>
        <line num="126" type="stmt" count="0"/>
        <line num="134" type="method" name="all" crap="1" count="1"/>
        <line num="136" type="stmt" count="1"/>
        <line num="137" type="stmt" count="1"/>
        <line num="138" type="stmt" count="1"/>
        <line num="140" type="stmt" count="1"/>
        <line num="148" type="method" name="update" crap="3" count="2"/>
        <line num="151" type="stmt" count="2"/>
        <line num="152" type="stmt" count="2"/>
        <line num="153" type="stmt" count="2"/>
        <line num="154" type="stmt" count="2"/>
        <line num="155" type="stmt" count="2"/>
        <line num="156" type="stmt" count="2"/>
        <line num="157" type="stmt" count="2"/>
        <line num="158" type="stmt" count="2"/>
        <line num="160" type="stmt" count="2"/>
        <line num="161" type="stmt" count="2"/>
        <line num="162" type="stmt" count="2"/>
        <line num="163" type="stmt" count="2"/>
        <line num="164" type="stmt" count="2"/>
        <line num="172" type="method" name="create" crap="2" count="2"/>
        <line num="175" type="stmt" count="2"/>
        <line num="176" type="stmt" count="2"/>
        <line num="177" type="stmt" count="2"/>
        <line num="178" type="stmt" count="2"/>
        <line num="179" type="stmt" count="2"/>
        <line num="181" type="stmt" count="2"/>
        <line num="182" type="stmt" count="2"/>
        <line num="183" type="stmt" count="2"/>
        <line num="184" type="stmt" count="2"/>
        <line num="185" type="stmt" count="2"/>
        <line num="187" type="stmt" count="2"/>
        <line num="188" type="stmt" count="2"/>
        <line num="190" type="stmt" count="2"/>
        <line num="191" type="stmt" count="2"/>
        <line num="192" type="stmt" count="2"/>
        <line num="193" type="stmt" count="2"/>
        <line num="201" type="method" name="save" crap="2" count="2"/>
        <line num="203" type="stmt" count="2"/>
        <line num="211" type="method" name="destroy" crap="2" count="0"/>
        <line num="213" type="stmt" count="0"/>
        <line num="214" type="stmt" count="0"/>
        <line num="223" type="method" name="delete" crap="2" count="2"/>
        <line num="225" type="stmt" count="2"/>
        <line num="226" type="stmt" count="2"/>
        <line num="227" type="stmt" count="2"/>
        <line num="228" type="stmt" count="2"/>
        <metrics loc="230" ncloc="137" classes="1" methods="15" coveredmethods="11" conditionals="0" coveredconditionals="0" statements="65" coveredstatements="57" elements="80" coveredelements="68"/>
      </file>
    </package>
    <file name="/Users/bendozy/Code/Checkpoints/PotatoORM/src/DatabaseConnectionInterface.php">
      <metrics loc="20" ncloc="9" classes="0" methods="0" coveredmethods="0" conditionals="0" coveredconditionals="0" statements="0" coveredstatements="0" elements="0" coveredelements="0"/>
    </file>
    <file name="/Users/bendozy/Code/Checkpoints/PotatoORM/src/DatabaseConnectionStringFactoryInterface.php">
      <metrics loc="14" ncloc="7" classes="0" methods="0" coveredmethods="0" conditionals="0" coveredconditionals="0" statements="0" coveredstatements="0" elements="0" coveredelements="0"/>
    </file>
    <package name="Pyjac\ORM\Exception">
      <file name="/Users/bendozy/Code/Checkpoints/PotatoORM/src/Exception/DatabaseDriverNotSupportedException.php">
        <class name="DatabaseDriverNotSupportedException" namespace="Pyjac\ORM\Exception">
          <metrics methods="1" coveredmethods="1" conditionals="0" coveredconditionals="0" statements="2" coveredstatements="2" elements="3" coveredelements="3"/>
        </class>
        <line num="8" type="method" name="__construct" crap="1" count="1"/>
        <line num="10" type="stmt" count="1"/>
        <line num="11" type="stmt" count="1"/>
        <metrics loc="11" ncloc="11" classes="1" methods="1" coveredmethods="1" conditionals="0" coveredconditionals="0" statements="2" coveredstatements="2" elements="3" coveredelements="3"/>
      </file>
      <file name="/Users/bendozy/Code/Checkpoints/PotatoORM/src/Exception/ModelNotFoundException.php">
        <class name="ModelNotFoundException" namespace="Pyjac\ORM\Exception">
          <metrics methods="1" coveredmethods="1" conditionals="0" coveredconditionals="0" statements="2" coveredstatements="2" elements="3" coveredelements="3"/>
        </class>
        <line num="8" type="method" name="__construct" crap="1" count="1"/>
        <line num="10" type="stmt" count="1"/>
        <line num="11" type="stmt" count="1"/>
        <metrics loc="11" ncloc="11" classes="1" methods="1" coveredmethods="1" conditionals="0" coveredconditionals="0" statements="2" coveredstatements="2" elements="3" coveredelements="3"/>
      </file>
    </package>
    <file name="/Users/bendozy/Code/Checkpoints/PotatoORM/src/ModelInterface.php">
      <metrics loc="22" ncloc="10" classes="0" methods="0" coveredmethods="0" conditionals="0" coveredconditionals="0" statements="0" coveredstatements="0" elements="0" coveredelements="0"/>
    </file>
    <metrics files="9" loc="527" ncloc="323" classes="6" methods="26" coveredmethods="21" conditionals="0" coveredconditionals="0" statements="121" coveredstatements="110" elements="147" coveredelements="131"/>
  </project>
</coverage>
